SF:lib\data\http\http_error.dart
DA:1,2
LF:1
LH:1
end_of_record
SF:lib\data\models\remote_account_model.dart
DA:8,1
DA:10,1
DA:11,1
DA:15,2
DA:18,3
LF:5
LH:5
end_of_record
SF:lib\domain\entities\account_entity.dart
DA:4,1
LF:1
LH:1
end_of_record
SF:lib\data\usercases\remote_authentication.dart
DA:13,1
DA:15,1
DA:16,2
DA:19,4
DA:22,2
DA:23,1
DA:24,1
DA:35,1
DA:40,1
DA:41,3
DA:43,4
LF:11
LH:11
end_of_record
SF:lib\domain\helpers\domain_error.dart
DA:1,2
LF:1
LH:1
end_of_record
SF:lib\domain\usercases\authentication.dart
DA:11,1
LF:1
LH:1
end_of_record
SF:lib\infra\http\http_adapter.dart
DA:9,0
DA:11,0
DA:16,0
DA:21,0
DA:23,0
DA:24,0
DA:29,0
DA:32,0
DA:33,0
DA:34,0
DA:35,0
DA:37,0
DA:39,0
DA:41,0
LF:14
LH:0
end_of_record
SF:lib\ui\presentation\presenters\stream_login_presenter.dart
DA:15,1
DA:16,5
DA:18,1
DA:19,1
DA:20,4
DA:21,3
LF:6
LH:6
end_of_record
SF:lib\ui\components\app.dart
DA:10,0
DA:12,0
DA:13,0
DA:14,0
DA:15,0
DA:17,0
DA:23,0
DA:24,0
DA:28,0
DA:30,0
DA:31,0
DA:32,0
DA:33,0
DA:34,0
DA:35,0
DA:36,0
DA:38,0
DA:39,0
DA:40,0
DA:42,0
DA:43,0
DA:44,0
DA:46,0
DA:47,0
LF:24
LH:0
end_of_record
SF:lib\ui\pages\login\login_page.dart
DA:11,1
DA:13,1
DA:14,1
DA:18,1
DA:20,3
DA:21,1
DA:24,1
DA:26,3
DA:27,5
DA:29,1
DA:31,1
DA:35,5
DA:36,1
DA:39,1
DA:40,1
DA:42,1
DA:43,1
DA:44,1
DA:47,1
DA:48,1
DA:49,1
DA:50,3
DA:51,1
DA:52,1
DA:53,1
DA:54,1
DA:55,1
DA:57,1
DA:59,1
DA:60,3
DA:61,1
DA:62,1
DA:63,2
DA:64,3
DA:66,1
DA:67,1
DA:70,1
DA:71,0
DA:72,1
DA:73,1
LF:40
LH:39
end_of_record
SF:lib\ui\components\head_line1.dart
DA:6,1
DA:8,1
DA:10,1
DA:11,2
DA:13,3
LF:5
LH:5
end_of_record
SF:lib\ui\components\error_message.dart
DA:3,1
DA:4,3
DA:5,1
DA:9,1
LF:4
LH:4
end_of_record
SF:lib\ui\components\spinner_dialog.dart
DA:3,1
DA:4,1
DA:7,1
DA:8,1
DA:9,1
DA:10,1
DA:12,1
DA:13,1
DA:14,1
DA:17,1
DA:28,1
DA:29,1
DA:30,2
LF:13
LH:13
end_of_record
SF:lib\ui\pages\login\components\login_header.dart
DA:4,1
DA:6,1
DA:8,1
DA:10,1
DA:12,1
DA:13,1
DA:14,1
DA:17,1
DA:18,2
DA:19,2
DA:21,1
DA:22,1
DA:23,1
DA:28,2
DA:29,1
DA:30,1
LF:16
LH:16
end_of_record
SF:lib\ui\pages\login\components\email_input.dart
DA:6,1
DA:8,1
DA:9,1
DA:10,1
DA:11,1
DA:12,1
DA:13,1
DA:15,4
DA:17,3
DA:19,1
LF:10
LH:10
end_of_record
SF:lib\ui\pages\login\components\password_input.dart
DA:8,1
DA:10,1
DA:11,1
DA:12,1
DA:13,1
DA:14,1
DA:16,1
DA:17,2
DA:19,1
DA:21,1
DA:22,2
DA:24,1
LF:12
LH:12
end_of_record
